[2022-09-12 15:17:25 +0000] [9] [INFO] Handling signal: term
[2022-09-12 15:17:25 +0000] [12] [INFO] Worker exiting (pid: 12)
[2022-09-12 15:17:25 +0000] [13] [INFO] Worker exiting (pid: 13)
[2022-09-12 15:17:26 +0000] [9] [INFO] Shutting down: Master
[2022-09-12 15:17:35 +0000] [9] [INFO] Starting gunicorn 20.1.0
[2022-09-12 15:17:35 +0000] [9] [INFO] Listening at: http://0.0.0.0:8081 (9)
[2022-09-12 15:17:35 +0000] [9] [INFO] Using worker: gevent
[2022-09-12 15:17:35 +0000] [12] [INFO] Booting worker with pid: 12
[2022-09-12 15:17:35 +0000] [13] [INFO] Booting worker with pid: 13
[2022-09-12 15:18:17 +0000] [9] [INFO] Starting gunicorn 20.1.0
[2022-09-12 15:18:17 +0000] [9] [INFO] Listening at: http://0.0.0.0:8081 (9)
[2022-09-12 15:18:17 +0000] [9] [INFO] Using worker: gevent
[2022-09-12 15:18:17 +0000] [12] [INFO] Booting worker with pid: 12
[2022-09-12 15:18:17 +0000] [13] [INFO] Booting worker with pid: 13
[2022-09-12 15:37:46 +0000] [9] [INFO] Handling signal: term
[2022-09-12 15:37:46 +0000] [12] [INFO] Worker exiting (pid: 12)
[2022-09-12 15:37:46 +0000] [13] [INFO] Worker exiting (pid: 13)
None
None
[2022-09-12 15:37:47 +0000] [9] [INFO] Shutting down: Master
[2022-09-12 15:44:10 +0000] [8] [INFO] Starting gunicorn 20.1.0
[2022-09-12 15:44:10 +0000] [8] [INFO] Listening at: http://0.0.0.0:8081 (8)
[2022-09-12 15:44:10 +0000] [8] [INFO] Using worker: gevent
[2022-09-12 15:44:10 +0000] [11] [INFO] Booting worker with pid: 11
[2022-09-12 15:44:10 +0000] [12] [INFO] Booting worker with pid: 12
[2022-09-12 15:48:45 +0000] [8] [INFO] Handling signal: term
[2022-09-12 15:48:45 +0000] [12] [INFO] Worker exiting (pid: 12)
[2022-09-12 15:48:45 +0000] [11] [INFO] Worker exiting (pid: 11)
[2022-09-12 15:48:46 +0000] [8] [INFO] Shutting down: Master
[2022-09-12 15:48:54 +0000] [8] [INFO] Starting gunicorn 20.1.0
[2022-09-12 15:48:54 +0000] [8] [INFO] Listening at: http://0.0.0.0:8081 (8)
[2022-09-12 15:48:54 +0000] [8] [INFO] Using worker: gevent
[2022-09-12 15:48:54 +0000] [11] [INFO] Booting worker with pid: 11
[2022-09-12 15:48:54 +0000] [12] [INFO] Booting worker with pid: 12
[2022-09-12 15:50:25 +0000] [8] [INFO] Handling signal: term
[2022-09-12 15:50:25 +0000] [11] [INFO] Worker exiting (pid: 11)
[2022-09-12 15:50:25 +0000] [12] [INFO] Worker exiting (pid: 12)
[2022-09-12 15:50:25 +0000] [8] [INFO] Shutting down: Master
[2022-09-12 15:50:34 +0000] [8] [INFO] Starting gunicorn 20.1.0
[2022-09-12 15:50:34 +0000] [8] [INFO] Listening at: http://0.0.0.0:8081 (8)
[2022-09-12 15:50:34 +0000] [8] [INFO] Using worker: gevent
[2022-09-12 15:50:34 +0000] [11] [INFO] Booting worker with pid: 11
[2022-09-12 15:50:34 +0000] [12] [INFO] Booting worker with pid: 12
[2022-09-12 15:51:14 +0000] [8] [INFO] Handling signal: term
[2022-09-12 15:51:14 +0000] [11] [INFO] Worker exiting (pid: 11)
[2022-09-12 15:51:14 +0000] [12] [INFO] Worker exiting (pid: 12)
[2022-09-12 15:51:14 +0000] [8] [INFO] Shutting down: Master
[2022-09-12 15:51:26 +0000] [9] [INFO] Starting gunicorn 20.1.0
[2022-09-12 15:51:26 +0000] [9] [INFO] Listening at: http://0.0.0.0:8081 (9)
[2022-09-12 15:51:26 +0000] [9] [INFO] Using worker: gevent
[2022-09-12 15:51:26 +0000] [12] [INFO] Booting worker with pid: 12
[2022-09-12 15:51:26 +0000] [13] [INFO] Booting worker with pid: 13
[2022-09-12 15:52:58 +0000] [9] [INFO] Handling signal: term
[2022-09-12 15:52:58 +0000] [12] [INFO] Worker exiting (pid: 12)
[2022-09-12 15:52:59 +0000] [13] [INFO] Worker exiting (pid: 13)
[2022-09-12 15:52:59 +0000] [9] [INFO] Shutting down: Master
[2022-09-12 15:53:07 +0000] [9] [INFO] Starting gunicorn 20.1.0
[2022-09-12 15:53:07 +0000] [9] [INFO] Listening at: http://0.0.0.0:8081 (9)
[2022-09-12 15:53:07 +0000] [9] [INFO] Using worker: gevent
[2022-09-12 15:53:07 +0000] [12] [INFO] Booting worker with pid: 12
[2022-09-12 15:53:07 +0000] [13] [INFO] Booting worker with pid: 13
[2022-09-12 15:53:31 +0000] [9] [INFO] Handling signal: term
[2022-09-12 15:53:32 +0000] [13] [INFO] Worker exiting (pid: 13)
[2022-09-12 15:53:32 +0000] [12] [INFO] Worker exiting (pid: 12)
[2022-09-12 15:53:32 +0000] [9] [INFO] Shutting down: Master
[2022-09-12 15:53:38 +0000] [8] [INFO] Starting gunicorn 20.1.0
[2022-09-12 15:53:38 +0000] [8] [INFO] Listening at: http://0.0.0.0:8081 (8)
[2022-09-12 15:53:38 +0000] [8] [INFO] Using worker: gevent
[2022-09-12 15:53:38 +0000] [11] [INFO] Booting worker with pid: 11
[2022-09-12 15:53:38 +0000] [12] [INFO] Booting worker with pid: 12
[2022-09-12 16:01:18 +0000] [8] [INFO] Handling signal: term
[2022-09-12 16:01:18 +0000] [12] [INFO] Worker exiting (pid: 12)
[2022-09-12 16:01:18 +0000] [11] [INFO] Worker exiting (pid: 11)
[2022-09-12 16:01:19 +0000] [8] [INFO] Shutting down: Master
[2022-09-12 16:01:27 +0000] [9] [INFO] Starting gunicorn 20.1.0
[2022-09-12 16:01:27 +0000] [9] [INFO] Listening at: http://0.0.0.0:8081 (9)
[2022-09-12 16:01:27 +0000] [9] [INFO] Using worker: gevent
[2022-09-12 16:01:27 +0000] [12] [INFO] Booting worker with pid: 12
[2022-09-12 16:01:27 +0000] [13] [INFO] Booting worker with pid: 13
[2022-09-12 16:06:43 +0000] [9] [INFO] Handling signal: term
[2022-09-12 16:06:43 +0000] [12] [INFO] Worker exiting (pid: 12)
[2022-09-12 16:06:43 +0000] [13] [INFO] Worker exiting (pid: 13)
[2022-09-12 16:06:43 +0000] [9] [INFO] Shutting down: Master
[2022-09-12 16:06:51 +0000] [8] [INFO] Starting gunicorn 20.1.0
[2022-09-12 16:06:51 +0000] [8] [INFO] Listening at: http://0.0.0.0:8081 (8)
[2022-09-12 16:06:51 +0000] [8] [INFO] Using worker: gevent
[2022-09-12 16:06:51 +0000] [11] [INFO] Booting worker with pid: 11
[2022-09-12 16:06:51 +0000] [12] [INFO] Booting worker with pid: 12
[2022-09-12 16:08:47 +0000] [8] [INFO] Handling signal: term
[2022-09-12 16:08:47 +0000] [11] [INFO] Worker exiting (pid: 11)
[2022-09-12 16:08:47 +0000] [12] [INFO] Worker exiting (pid: 12)
[2022-09-12 16:08:48 +0000] [8] [INFO] Shutting down: Master
[2022-09-12 16:12:49 +0000] [9] [INFO] Starting gunicorn 20.1.0
[2022-09-12 16:12:49 +0000] [9] [INFO] Listening at: http://0.0.0.0:8081 (9)
[2022-09-12 16:12:49 +0000] [9] [INFO] Using worker: gevent
[2022-09-12 16:12:49 +0000] [12] [INFO] Booting worker with pid: 12
[2022-09-12 16:12:49 +0000] [13] [INFO] Booting worker with pid: 13
[2022-09-12 16:14:11 +0000] [9] [INFO] Handling signal: term
[2022-09-12 16:14:12 +0000] [13] [INFO] Worker exiting (pid: 13)
[2022-09-12 16:14:12 +0000] [12] [INFO] Worker exiting (pid: 12)
[2022-09-12 16:14:12 +0000] [9] [INFO] Shutting down: Master
[2022-09-12 16:14:21 +0000] [9] [INFO] Starting gunicorn 20.1.0
[2022-09-12 16:14:21 +0000] [9] [INFO] Listening at: http://0.0.0.0:8081 (9)
[2022-09-12 16:14:21 +0000] [9] [INFO] Using worker: gevent
[2022-09-12 16:14:21 +0000] [12] [INFO] Booting worker with pid: 12
[2022-09-12 16:14:21 +0000] [13] [INFO] Booting worker with pid: 13
[2022-09-12 16:31:57 +0000] [9] [INFO] Handling signal: term
[2022-09-12 16:31:57 +0000] [13] [INFO] Worker exiting (pid: 13)
[2022-09-12 16:31:57 +0000] [12] [INFO] Worker exiting (pid: 12)
[2022-09-12 16:31:58 +0000] [9] [INFO] Shutting down: Master
[2022-09-12 16:35:34 +0000] [9] [INFO] Starting gunicorn 20.1.0
[2022-09-12 16:35:34 +0000] [9] [INFO] Listening at: http://0.0.0.0:8081 (9)
[2022-09-12 16:35:34 +0000] [9] [INFO] Using worker: gevent
[2022-09-12 16:35:34 +0000] [12] [INFO] Booting worker with pid: 12
[2022-09-12 16:35:34 +0000] [13] [INFO] Booting worker with pid: 13
[2022-09-12 16:40:41 +0000] [9] [INFO] Handling signal: term
[2022-09-12 16:40:41 +0000] [12] [INFO] Worker exiting (pid: 12)
[2022-09-12 16:40:41 +0000] [13] [INFO] Worker exiting (pid: 13)
[2022-09-12 16:40:42 +0000] [9] [INFO] Shutting down: Master
[2022-10-19 11:58:17 +0000] [8] [INFO] Starting gunicorn 20.1.0
[2022-10-19 11:58:17 +0000] [8] [INFO] Listening at: http://0.0.0.0:8081 (8)
[2022-10-19 11:58:17 +0000] [8] [INFO] Using worker: gevent
[2022-10-19 11:58:17 +0000] [11] [INFO] Booting worker with pid: 11
[2022-10-19 11:58:17 +0000] [12] [INFO] Booting worker with pid: 12
[2022-10-19 12:06:08 +0000] [8] [INFO] Handling signal: term
[2022-10-19 12:06:08 +0000] [12] [INFO] Worker exiting (pid: 12)
[2022-10-19 12:06:08 +0000] [11] [INFO] Worker exiting (pid: 11)
[2022-10-19 12:06:09 +0000] [8] [INFO] Shutting down: Master
[2022-10-19 12:06:30 +0000] [9] [INFO] Starting gunicorn 20.1.0
[2022-10-19 12:06:30 +0000] [9] [INFO] Listening at: http://0.0.0.0:8081 (9)
[2022-10-19 12:06:30 +0000] [9] [INFO] Using worker: gevent
[2022-10-19 12:06:30 +0000] [12] [INFO] Booting worker with pid: 12
[2022-10-19 12:06:30 +0000] [13] [INFO] Booting worker with pid: 13
[2022-10-19 20:08:23 +0000] [9] [INFO] Handling signal: term
[2022-10-19 20:08:23 +0000] [12] [INFO] Worker exiting (pid: 12)
[2022-10-19 20:08:23 +0000] [13] [INFO] Worker exiting (pid: 13)
[2022-10-19 20:08:24 +0000] [9] [INFO] Shutting down: Master
[2022-10-19 20:08:35 +0000] [9] [INFO] Starting gunicorn 20.1.0
[2022-10-19 20:08:35 +0000] [9] [INFO] Listening at: http://0.0.0.0:8081 (9)
[2022-10-19 20:08:35 +0000] [9] [INFO] Using worker: gevent
[2022-10-19 20:08:35 +0000] [12] [INFO] Booting worker with pid: 12
[2022-10-19 20:08:35 +0000] [13] [INFO] Booting worker with pid: 13
[2022-10-19 20:09:52 +0000] [9] [INFO] Handling signal: term
[2022-10-19 20:09:52 +0000] [13] [INFO] Worker exiting (pid: 13)
[2022-10-19 20:09:52 +0000] [12] [INFO] Worker exiting (pid: 12)
[2022-10-19 20:09:53 +0000] [9] [INFO] Shutting down: Master
[2022-10-19 20:11:41 +0000] [9] [INFO] Starting gunicorn 20.1.0
[2022-10-19 20:11:41 +0000] [9] [INFO] Listening at: http://0.0.0.0:8081 (9)
[2022-10-19 20:11:41 +0000] [9] [INFO] Using worker: gevent
[2022-10-19 20:11:41 +0000] [12] [INFO] Booting worker with pid: 12
[2022-10-19 20:11:41 +0000] [13] [INFO] Booting worker with pid: 13
[2022-10-19 20:16:03 +0000] [9] [INFO] Handling signal: term
[2022-10-19 20:16:03 +0000] [12] [INFO] Worker exiting (pid: 12)
[2022-10-19 20:16:03 +0000] [13] [INFO] Worker exiting (pid: 13)
[2022-10-19 20:16:04 +0000] [9] [INFO] Shutting down: Master
[2022-10-19 20:16:17 +0000] [9] [INFO] Starting gunicorn 20.1.0
[2022-10-19 20:16:17 +0000] [9] [INFO] Listening at: http://0.0.0.0:8081 (9)
[2022-10-19 20:16:17 +0000] [9] [INFO] Using worker: gevent
[2022-10-19 20:16:17 +0000] [12] [INFO] Booting worker with pid: 12
[2022-10-19 20:16:17 +0000] [13] [INFO] Booting worker with pid: 13
[2022-10-19 20:17:11 +0000] [9] [INFO] Handling signal: term
[2022-10-19 20:17:11 +0000] [13] [INFO] Worker exiting (pid: 13)
[2022-10-19 20:17:11 +0000] [12] [INFO] Worker exiting (pid: 12)
[2022-10-19 20:17:11 +0000] [9] [INFO] Shutting down: Master
[2022-10-19 20:17:19 +0000] [8] [INFO] Starting gunicorn 20.1.0
[2022-10-19 20:17:19 +0000] [8] [INFO] Listening at: http://0.0.0.0:8081 (8)
[2022-10-19 20:17:19 +0000] [8] [INFO] Using worker: gevent
[2022-10-19 20:17:19 +0000] [11] [INFO] Booting worker with pid: 11
[2022-10-19 20:17:19 +0000] [12] [INFO] Booting worker with pid: 12
[2022-10-19 20:27:26 +0000] [8] [INFO] Handling signal: term
[2022-10-19 20:27:27 +0000] [11] [INFO] Worker exiting (pid: 11)
[2022-10-19 20:27:27 +0000] [12] [INFO] Worker exiting (pid: 12)
[2022-10-19 20:27:28 +0000] [8] [INFO] Shutting down: Master
[2022-10-19 20:27:35 +0000] [9] [INFO] Starting gunicorn 20.1.0
[2022-10-19 20:27:35 +0000] [9] [INFO] Listening at: http://0.0.0.0:8081 (9)
[2022-10-19 20:27:35 +0000] [9] [INFO] Using worker: gevent
[2022-10-19 20:27:35 +0000] [12] [INFO] Booting worker with pid: 12
[2022-10-19 20:27:35 +0000] [13] [INFO] Booting worker with pid: 13
[2022-10-19 20:44:51 +0000] [9] [INFO] Handling signal: term
[2022-10-19 20:44:51 +0000] [13] [INFO] Worker exiting (pid: 13)
[2022-10-19 20:44:51 +0000] [12] [INFO] Worker exiting (pid: 12)
[2022-10-19 20:44:52 +0000] [9] [INFO] Shutting down: Master
[2022-10-19 20:44:59 +0000] [9] [INFO] Starting gunicorn 20.1.0
[2022-10-19 20:44:59 +0000] [9] [INFO] Listening at: http://0.0.0.0:8081 (9)
[2022-10-19 20:44:59 +0000] [9] [INFO] Using worker: gevent
[2022-10-19 20:44:59 +0000] [12] [INFO] Booting worker with pid: 12
[2022-10-19 20:44:59 +0000] [13] [INFO] Booting worker with pid: 13
[2022-10-20 08:59:27 +0000] [9] [CRITICAL] WORKER TIMEOUT (pid:12)
[2022-10-20 08:59:27 +0000] [9] [CRITICAL] WORKER TIMEOUT (pid:13)
[2022-10-20 08:59:27 +0000] [13] [INFO] Worker exiting (pid: 13)
[2022-10-20 08:59:27 +0000] [12] [INFO] Worker exiting (pid: 12)
[2022-10-20 08:59:28 +0000] [18] [INFO] Booting worker with pid: 18
[2022-10-20 08:59:28 +0000] [19] [INFO] Booting worker with pid: 19
[2022-10-20 08:59:48 +0000] [9] [INFO] Handling signal: term
[2022-10-20 08:59:48 +0000] [19] [INFO] Worker exiting (pid: 19)
[2022-10-20 08:59:49 +0000] [18] [INFO] Worker exiting (pid: 18)
[2022-10-20 08:59:49 +0000] [9] [INFO] Shutting down: Master
[2022-10-20 09:13:47 +0000] [9] [INFO] Starting gunicorn 20.1.0
[2022-10-20 09:13:47 +0000] [9] [INFO] Listening at: http://0.0.0.0:8081 (9)
[2022-10-20 09:13:47 +0000] [9] [INFO] Using worker: gevent
[2022-10-20 09:13:47 +0000] [12] [INFO] Booting worker with pid: 12
[2022-10-20 09:13:47 +0000] [13] [INFO] Booting worker with pid: 13
[2022-10-20 09:14:40 +0000] [9] [INFO] Handling signal: term
[2022-10-20 09:14:41 +0000] [12] [INFO] Worker exiting (pid: 12)
[2022-10-20 09:14:41 +0000] [13] [INFO] Worker exiting (pid: 13)
[2022-10-20 09:14:41 +0000] [9] [INFO] Shutting down: Master
[2022-10-20 09:15:15 +0000] [9] [INFO] Starting gunicorn 20.1.0
[2022-10-20 09:15:15 +0000] [9] [INFO] Listening at: http://0.0.0.0:8081 (9)
[2022-10-20 09:15:15 +0000] [9] [INFO] Using worker: gevent
[2022-10-20 09:15:15 +0000] [12] [INFO] Booting worker with pid: 12
[2022-10-20 09:15:15 +0000] [13] [INFO] Booting worker with pid: 13
[2022-10-20 09:15:43 +0000] [9] [INFO] Handling signal: term
[2022-10-20 09:15:43 +0000] [12] [INFO] Worker exiting (pid: 12)
[2022-10-20 09:15:43 +0000] [13] [INFO] Worker exiting (pid: 13)
[2022-10-20 09:15:43 +0000] [9] [INFO] Shutting down: Master
[2022-10-20 09:15:56 +0000] [9] [INFO] Starting gunicorn 20.1.0
[2022-10-20 09:15:56 +0000] [9] [INFO] Listening at: http://0.0.0.0:8081 (9)
[2022-10-20 09:15:56 +0000] [9] [INFO] Using worker: gevent
[2022-10-20 09:15:56 +0000] [12] [INFO] Booting worker with pid: 12
[2022-10-20 09:15:57 +0000] [13] [INFO] Booting worker with pid: 13
[2022-10-20 09:16:15 +0000] [9] [INFO] Handling signal: term
[2022-10-20 09:16:15 +0000] [13] [INFO] Worker exiting (pid: 13)
[2022-10-20 09:16:16 +0000] [12] [INFO] Worker exiting (pid: 12)
[2022-10-20 09:16:16 +0000] [9] [INFO] Shutting down: Master
[2022-10-20 09:19:45 +0000] [9] [INFO] Starting gunicorn 20.1.0
[2022-10-20 09:19:45 +0000] [9] [INFO] Listening at: http://0.0.0.0:8081 (9)
[2022-10-20 09:19:45 +0000] [9] [INFO] Using worker: gevent
[2022-10-20 09:19:45 +0000] [12] [INFO] Booting worker with pid: 12
[2022-10-20 09:19:45 +0000] [13] [INFO] Booting worker with pid: 13
[2022-10-20 09:20:43 +0000] [9] [INFO] Handling signal: term
[2022-10-20 09:20:44 +0000] [12] [INFO] Worker exiting (pid: 12)
[2022-10-20 09:20:44 +0000] [13] [INFO] Worker exiting (pid: 13)
[2022-10-20 09:20:44 +0000] [9] [INFO] Shutting down: Master
[2022-10-20 09:20:50 +0000] [9] [INFO] Starting gunicorn 20.1.0
[2022-10-20 09:20:50 +0000] [9] [INFO] Listening at: http://0.0.0.0:8081 (9)
[2022-10-20 09:20:50 +0000] [9] [INFO] Using worker: gevent
[2022-10-20 09:20:50 +0000] [12] [INFO] Booting worker with pid: 12
[2022-10-20 09:20:50 +0000] [13] [INFO] Booting worker with pid: 13
[2022-10-20 09:21:16 +0000] [9] [INFO] Handling signal: term
[2022-10-20 09:21:17 +0000] [12] [INFO] Worker exiting (pid: 12)
[2022-10-20 09:21:17 +0000] [13] [INFO] Worker exiting (pid: 13)
[2022-10-20 09:21:17 +0000] [9] [INFO] Shutting down: Master
[2022-10-20 09:21:47 +0000] [9] [INFO] Starting gunicorn 20.1.0
[2022-10-20 09:21:47 +0000] [9] [INFO] Listening at: http://0.0.0.0:8081 (9)
[2022-10-20 09:21:47 +0000] [9] [INFO] Using worker: gevent
[2022-10-20 09:21:47 +0000] [12] [INFO] Booting worker with pid: 12
[2022-10-20 09:21:47 +0000] [13] [INFO] Booting worker with pid: 13
[2022-10-20 09:22:06 +0000] [9] [INFO] Handling signal: term
[2022-10-20 09:22:06 +0000] [13] [INFO] Worker exiting (pid: 13)
[2022-10-20 09:22:07 +0000] [12] [INFO] Worker exiting (pid: 12)
[2022-10-20 09:22:08 +0000] [9] [INFO] Shutting down: Master
[2022-10-20 10:07:21 +0000] [8] [INFO] Starting gunicorn 20.1.0
[2022-10-20 10:07:21 +0000] [8] [INFO] Listening at: http://0.0.0.0:8081 (8)
[2022-10-20 10:07:21 +0000] [8] [INFO] Using worker: gevent
[2022-10-20 10:07:21 +0000] [11] [INFO] Booting worker with pid: 11
[2022-10-20 10:07:21 +0000] [12] [INFO] Booting worker with pid: 12
[2022-10-20 10:19:34 +0000] [8] [INFO] Handling signal: term
[2022-10-20 10:19:35 +0000] [12] [INFO] Worker exiting (pid: 12)
[2022-10-20 10:19:35 +0000] [11] [INFO] Worker exiting (pid: 11)
[2022-10-20 10:19:35 +0000] [8] [INFO] Shutting down: Master
[2022-10-20 10:19:50 +0000] [9] [INFO] Starting gunicorn 20.1.0
[2022-10-20 10:19:50 +0000] [9] [INFO] Listening at: http://0.0.0.0:8081 (9)
[2022-10-20 10:19:50 +0000] [9] [INFO] Using worker: gevent
[2022-10-20 10:19:50 +0000] [12] [INFO] Booting worker with pid: 12
[2022-10-20 10:19:50 +0000] [13] [INFO] Booting worker with pid: 13
[2022-10-20 10:20:35 +0000] [9] [INFO] Handling signal: term
[2022-10-20 10:20:35 +0000] [12] [INFO] Worker exiting (pid: 12)
[2022-10-20 10:20:35 +0000] [13] [INFO] Worker exiting (pid: 13)
[2022-10-20 10:20:36 +0000] [9] [INFO] Shutting down: Master
[2022-10-20 10:20:49 +0000] [9] [INFO] Starting gunicorn 20.1.0
[2022-10-20 10:20:49 +0000] [9] [INFO] Listening at: http://0.0.0.0:8081 (9)
[2022-10-20 10:20:49 +0000] [9] [INFO] Using worker: gevent
[2022-10-20 10:20:49 +0000] [12] [INFO] Booting worker with pid: 12
[2022-10-20 10:20:49 +0000] [13] [INFO] Booting worker with pid: 13
[2022-10-20 10:22:02 +0000] [9] [INFO] Handling signal: term
[2022-10-20 10:22:02 +0000] [13] [INFO] Worker exiting (pid: 13)
[2022-10-20 10:22:02 +0000] [12] [INFO] Worker exiting (pid: 12)
i0mYX0UAjXvsFK_m1v2wvw8D_qmKW_bCYRo0g3e_ame4Y9Co02Nd7dPV_VvptwaUyhtafGOHjkUlQfOJMLlrNw==
i0mYX0UAjXvsFK_m1v2wvw8D_qmKW_bCYRo0g3e_ame4Y9Co02Nd7dPV_VvptwaUyhtafGOHjkUlQfOJMLlrNw==
[2022-10-20 10:22:03 +0000] [9] [INFO] Shutting down: Master
[2022-10-20 10:22:15 +0000] [9] [INFO] Starting gunicorn 20.1.0
[2022-10-20 10:22:15 +0000] [9] [INFO] Listening at: http://0.0.0.0:8081 (9)
[2022-10-20 10:22:15 +0000] [9] [INFO] Using worker: gevent
[2022-10-20 10:22:15 +0000] [12] [INFO] Booting worker with pid: 12
[2022-10-20 10:22:15 +0000] [13] [INFO] Booting worker with pid: 13
[2022-10-20 10:23:23 +0000] [9] [INFO] Handling signal: term
[2022-10-20 10:23:24 +0000] [13] [INFO] Worker exiting (pid: 13)
[2022-10-20 10:23:53 +0000] [10] [INFO] Starting gunicorn 20.1.0
[2022-10-20 10:23:53 +0000] [10] [INFO] Listening at: http://0.0.0.0:8081 (10)
[2022-10-20 10:23:53 +0000] [10] [INFO] Using worker: gevent
[2022-10-20 10:23:53 +0000] [13] [INFO] Booting worker with pid: 13
[2022-10-20 10:23:53 +0000] [14] [INFO] Booting worker with pid: 14
[2022-10-20 10:24:44 +0000] [10] [INFO] Handling signal: term
[2022-10-20 10:24:45 +0000] [14] [INFO] Worker exiting (pid: 14)
[2022-10-20 19:23:14 +0000] [9] [INFO] Starting gunicorn 20.1.0
[2022-10-20 19:23:14 +0000] [9] [INFO] Listening at: http://0.0.0.0:8081 (9)
[2022-10-20 19:23:14 +0000] [9] [INFO] Using worker: gevent
[2022-10-20 19:23:14 +0000] [12] [INFO] Booting worker with pid: 12
[2022-10-20 19:23:15 +0000] [13] [INFO] Booting worker with pid: 13
[2022-10-20 19:23:15 +0000] [9] [INFO] Handling signal: term
[2022-10-20 19:23:38 +0000] [9] [INFO] Starting gunicorn 20.1.0
[2022-10-20 19:23:38 +0000] [9] [INFO] Listening at: http://0.0.0.0:8081 (9)
[2022-10-20 19:23:38 +0000] [9] [INFO] Using worker: gevent
[2022-10-20 19:23:38 +0000] [12] [INFO] Booting worker with pid: 12
[2022-10-20 19:23:38 +0000] [13] [INFO] Booting worker with pid: 13
[2022-10-20 19:24:57 +0000] [9] [INFO] Handling signal: term
[2022-10-20 19:24:57 +0000] [13] [INFO] Worker exiting (pid: 13)
[2022-10-20 19:24:57 +0000] [12] [INFO] Worker exiting (pid: 12)
[2022-10-20 19:24:57 +0000] [9] [INFO] Shutting down: Master
[2022-10-20 19:30:37 +0000] [10] [INFO] Starting gunicorn 20.1.0
[2022-10-20 19:30:37 +0000] [10] [INFO] Listening at: http://0.0.0.0:8081 (10)
[2022-10-20 19:30:37 +0000] [10] [INFO] Using worker: gevent
[2022-10-20 19:30:37 +0000] [13] [INFO] Booting worker with pid: 13
[2022-10-20 19:30:37 +0000] [14] [INFO] Booting worker with pid: 14
[2022-10-20 19:32:14 +0000] [10] [INFO] Handling signal: term
[2022-10-20 19:32:15 +0000] [14] [INFO] Worker exiting (pid: 14)
[2022-10-20 19:32:38 +0000] [9] [INFO] Starting gunicorn 20.1.0
[2022-10-20 19:32:38 +0000] [9] [INFO] Listening at: http://0.0.0.0:8081 (9)
[2022-10-20 19:32:38 +0000] [9] [INFO] Using worker: gevent
[2022-10-20 19:32:38 +0000] [12] [INFO] Booting worker with pid: 12
[2022-10-20 19:32:38 +0000] [13] [INFO] Booting worker with pid: 13
[2022-10-20 19:33:25 +0000] [9] [INFO] Handling signal: term
[2022-10-20 19:33:25 +0000] [13] [INFO] Worker exiting (pid: 13)
[2022-10-20 19:33:26 +0000] [12] [INFO] Worker exiting (pid: 12)
[2022-10-20 19:33:26 +0000] [9] [INFO] Shutting down: Master
[2022-10-20 19:33:36 +0000] [9] [INFO] Starting gunicorn 20.1.0
[2022-10-20 19:33:36 +0000] [9] [INFO] Listening at: http://0.0.0.0:8081 (9)
[2022-10-20 19:33:36 +0000] [9] [INFO] Using worker: gevent
[2022-10-20 19:33:36 +0000] [12] [INFO] Booting worker with pid: 12
[2022-10-20 19:33:36 +0000] [13] [INFO] Booting worker with pid: 13
[2022-10-20 19:34:28 +0000] [9] [INFO] Handling signal: term
[2022-10-20 19:34:29 +0000] [13] [INFO] Worker exiting (pid: 13)
[2022-10-20 19:34:29 +0000] [12] [INFO] Worker exiting (pid: 12)
[2022-10-20 19:34:30 +0000] [9] [INFO] Shutting down: Master
[2022-10-20 19:34:43 +0000] [8] [INFO] Starting gunicorn 20.1.0
[2022-10-20 19:34:43 +0000] [8] [INFO] Listening at: http://0.0.0.0:8081 (8)
[2022-10-20 19:34:43 +0000] [8] [INFO] Using worker: gevent
[2022-10-20 19:34:43 +0000] [11] [INFO] Booting worker with pid: 11
[2022-10-20 19:34:43 +0000] [12] [INFO] Booting worker with pid: 12
[2022-10-20 19:35:25 +0000] [8] [INFO] Handling signal: term
[2022-10-20 19:35:25 +0000] [11] [INFO] Worker exiting (pid: 11)
[2022-10-20 19:35:26 +0000] [12] [INFO] Worker exiting (pid: 12)
[2022-10-20 19:35:26 +0000] [8] [INFO] Shutting down: Master
[2022-10-20 19:35:35 +0000] [8] [INFO] Starting gunicorn 20.1.0
[2022-10-20 19:35:35 +0000] [8] [INFO] Listening at: http://0.0.0.0:8081 (8)
[2022-10-20 19:35:35 +0000] [8] [INFO] Using worker: gevent
[2022-10-20 19:35:35 +0000] [11] [INFO] Booting worker with pid: 11
[2022-10-20 19:35:35 +0000] [12] [INFO] Booting worker with pid: 12
[2022-10-20 19:41:46 +0000] [8] [INFO] Handling signal: term
[2022-10-20 19:41:47 +0000] [11] [INFO] Worker exiting (pid: 11)
[2022-10-20 19:41:47 +0000] [12] [INFO] Worker exiting (pid: 12)
[2022-10-20 19:41:47 +0000] [8] [INFO] Shutting down: Master
[2022-10-20 19:44:15 +0000] [8] [INFO] Starting gunicorn 20.1.0
[2022-10-20 19:44:15 +0000] [8] [INFO] Listening at: http://0.0.0.0:8081 (8)
[2022-10-20 19:44:15 +0000] [8] [INFO] Using worker: gevent
[2022-10-20 19:44:15 +0000] [11] [INFO] Booting worker with pid: 11
[2022-10-20 19:44:15 +0000] [12] [INFO] Booting worker with pid: 12
[2022-10-20 19:44:56 +0000] [8] [INFO] Handling signal: term
[2022-10-20 19:44:56 +0000] [11] [INFO] Worker exiting (pid: 11)
[2022-10-20 19:44:56 +0000] [12] [INFO] Worker exiting (pid: 12)
[2022-10-20 19:44:56 +0000] [8] [INFO] Shutting down: Master
[2022-10-25 07:41:07 +0000] [9] [INFO] Starting gunicorn 20.1.0
[2022-10-25 07:41:07 +0000] [9] [INFO] Listening at: http://0.0.0.0:8081 (9)
[2022-10-25 07:41:07 +0000] [9] [INFO] Using worker: gevent
[2022-10-25 07:41:07 +0000] [12] [INFO] Booting worker with pid: 12
[2022-10-25 07:41:07 +0000] [13] [INFO] Booting worker with pid: 13
[2022-10-25 07:41:55 +0000] [9] [INFO] Handling signal: term
[2022-10-25 07:41:56 +0000] [12] [INFO] Worker exiting (pid: 12)
[2022-10-25 07:41:56 +0000] [13] [INFO] Worker exiting (pid: 13)
[2022-10-25 07:41:56 +0000] [9] [INFO] Shutting down: Master
[2022-10-25 07:42:05 +0000] [9] [INFO] Starting gunicorn 20.1.0
[2022-10-25 07:42:05 +0000] [9] [INFO] Listening at: http://0.0.0.0:8081 (9)
[2022-10-25 07:42:05 +0000] [9] [INFO] Using worker: gevent
[2022-10-25 07:42:05 +0000] [12] [INFO] Booting worker with pid: 12
[2022-10-25 07:42:05 +0000] [13] [INFO] Booting worker with pid: 13
[2022-10-25 07:44:11 +0000] [9] [INFO] Handling signal: term
[2022-10-25 07:44:11 +0000] [13] [INFO] Worker exiting (pid: 13)
[2022-10-25 07:44:12 +0000] [12] [INFO] Worker exiting (pid: 12)
[2022-10-25 07:44:12 +0000] [9] [INFO] Shutting down: Master
[2022-10-25 08:36:20 +0000] [8] [INFO] Starting gunicorn 20.1.0
[2022-10-25 08:36:20 +0000] [8] [INFO] Listening at: http://0.0.0.0:8081 (8)
[2022-10-25 08:36:20 +0000] [8] [INFO] Using worker: gevent
[2022-10-25 08:36:21 +0000] [11] [INFO] Booting worker with pid: 11
[2022-10-25 08:36:21 +0000] [12] [INFO] Booting worker with pid: 12
[2022-10-26 09:12:22 +0000] [8] [INFO] Handling signal: term
[2022-10-26 09:12:23 +0000] [12] [INFO] Worker exiting (pid: 12)
[2022-10-26 09:12:23 +0000] [11] [INFO] Worker exiting (pid: 11)
[2022-10-26 09:12:23 +0000] [8] [INFO] Shutting down: Master
[2022-10-26 09:13:08 +0000] [9] [INFO] Starting gunicorn 20.1.0
[2022-10-26 09:13:08 +0000] [9] [INFO] Listening at: http://0.0.0.0:8081 (9)
[2022-10-26 09:13:08 +0000] [9] [INFO] Using worker: gevent
[2022-10-26 09:13:08 +0000] [12] [INFO] Booting worker with pid: 12
[2022-10-26 09:13:08 +0000] [13] [INFO] Booting worker with pid: 13
[2022-10-26 09:19:31 +0000] [9] [INFO] Handling signal: term
[2022-10-26 09:19:31 +0000] [12] [INFO] Worker exiting (pid: 12)
[2022-10-26 09:19:31 +0000] [13] [INFO] Worker exiting (pid: 13)
[2022-10-26 09:19:32 +0000] [9] [INFO] Shutting down: Master
[2022-10-26 09:19:40 +0000] [9] [INFO] Starting gunicorn 20.1.0
[2022-10-26 09:19:40 +0000] [9] [INFO] Listening at: http://0.0.0.0:8081 (9)
[2022-10-26 09:19:40 +0000] [9] [INFO] Using worker: gevent
[2022-10-26 09:19:40 +0000] [12] [INFO] Booting worker with pid: 12
[2022-10-26 09:19:40 +0000] [13] [INFO] Booting worker with pid: 13
[2022-10-26 09:28:53 +0000] [9] [INFO] Handling signal: term
[2022-10-26 09:28:54 +0000] [13] [INFO] Worker exiting (pid: 13)
[2022-10-26 09:28:54 +0000] [12] [INFO] Worker exiting (pid: 12)
[2022-10-26 09:28:54 +0000] [9] [INFO] Shutting down: Master
[2022-10-26 09:29:04 +0000] [8] [INFO] Starting gunicorn 20.1.0
[2022-10-26 09:29:04 +0000] [8] [INFO] Listening at: http://0.0.0.0:8081 (8)
[2022-10-26 09:29:04 +0000] [8] [INFO] Using worker: gevent
[2022-10-26 09:29:04 +0000] [11] [INFO] Booting worker with pid: 11
[2022-10-26 09:29:04 +0000] [12] [INFO] Booting worker with pid: 12
[2022-10-26 09:50:34 +0000] [8] [INFO] Handling signal: term
[2022-10-26 09:50:35 +0000] [11] [INFO] Worker exiting (pid: 11)
[2022-10-26 09:50:35 +0000] [12] [INFO] Worker exiting (pid: 12)
[2022-10-26 09:50:35 +0000] [8] [INFO] Shutting down: Master
[2022-10-26 09:51:14 +0000] [9] [INFO] Starting gunicorn 20.1.0
[2022-10-26 09:51:14 +0000] [9] [INFO] Listening at: http://0.0.0.0:8081 (9)
[2022-10-26 09:51:14 +0000] [9] [INFO] Using worker: gevent
[2022-10-26 09:51:14 +0000] [12] [INFO] Booting worker with pid: 12
[2022-10-26 09:51:14 +0000] [13] [INFO] Booting worker with pid: 13
[2022-10-26 10:01:33 +0000] [9] [INFO] Handling signal: term
[2022-10-26 10:01:34 +0000] [12] [INFO] Worker exiting (pid: 12)
[2022-10-26 10:02:12 +0000] [8] [INFO] Starting gunicorn 20.1.0
[2022-10-26 10:02:12 +0000] [8] [INFO] Listening at: http://0.0.0.0:8081 (8)
[2022-10-26 10:02:12 +0000] [8] [INFO] Using worker: gevent
[2022-10-26 10:02:12 +0000] [11] [INFO] Booting worker with pid: 11
[2022-10-26 10:02:12 +0000] [12] [INFO] Booting worker with pid: 12
[2022-10-26 10:03:52 +0000] [8] [INFO] Handling signal: term
[2022-10-26 10:03:53 +0000] [11] [INFO] Worker exiting (pid: 11)
[2022-10-26 10:03:53 +0000] [12] [INFO] Worker exiting (pid: 12)
[2022-10-26 10:03:53 +0000] [8] [INFO] Shutting down: Master
[2022-10-26 10:04:04 +0000] [8] [INFO] Starting gunicorn 20.1.0
[2022-10-26 10:04:04 +0000] [8] [INFO] Listening at: http://0.0.0.0:8081 (8)
[2022-10-26 10:04:04 +0000] [8] [INFO] Using worker: gevent
[2022-10-26 10:04:04 +0000] [11] [INFO] Booting worker with pid: 11
[2022-10-26 10:04:04 +0000] [12] [INFO] Booting worker with pid: 12
[2022-10-26 10:05:43 +0000] [8] [INFO] Handling signal: term
[2022-10-26 10:05:43 +0000] [11] [INFO] Worker exiting (pid: 11)
[2022-10-26 10:05:43 +0000] [12] [INFO] Worker exiting (pid: 12)
[2022-10-26 10:05:43 +0000] [8] [INFO] Shutting down: Master
[2022-10-26 10:05:51 +0000] [9] [INFO] Starting gunicorn 20.1.0
[2022-10-26 10:05:51 +0000] [9] [INFO] Listening at: http://0.0.0.0:8081 (9)
[2022-10-26 10:05:51 +0000] [9] [INFO] Using worker: gevent
[2022-10-26 10:05:51 +0000] [12] [INFO] Booting worker with pid: 12
[2022-10-26 10:05:51 +0000] [13] [INFO] Booting worker with pid: 13
[2022-10-26 10:07:02 +0000] [9] [INFO] Handling signal: term
[2022-10-26 10:07:02 +0000] [12] [INFO] Worker exiting (pid: 12)
[2022-10-26 10:07:02 +0000] [13] [INFO] Worker exiting (pid: 13)
[2022-10-26 10:07:02 +0000] [9] [INFO] Shutting down: Master
[2022-10-26 10:07:10 +0000] [9] [INFO] Starting gunicorn 20.1.0
[2022-10-26 10:07:10 +0000] [9] [INFO] Listening at: http://0.0.0.0:8081 (9)
[2022-10-26 10:07:10 +0000] [9] [INFO] Using worker: gevent
[2022-10-26 10:07:10 +0000] [12] [INFO] Booting worker with pid: 12
[2022-10-26 10:07:10 +0000] [13] [INFO] Booting worker with pid: 13
[2022-10-26 11:21:55 +0000] [9] [INFO] Handling signal: term
[2022-10-26 11:21:55 +0000] [12] [INFO] Worker exiting (pid: 12)
[2022-10-26 11:21:55 +0000] [13] [INFO] Worker exiting (pid: 13)
[2022-10-26 11:21:56 +0000] [9] [INFO] Shutting down: Master
[2022-10-26 11:22:09 +0000] [9] [INFO] Starting gunicorn 20.1.0
[2022-10-26 11:22:09 +0000] [9] [INFO] Listening at: http://0.0.0.0:8081 (9)
[2022-10-26 11:22:09 +0000] [9] [INFO] Using worker: gevent
[2022-10-26 11:22:09 +0000] [12] [INFO] Booting worker with pid: 12
[2022-10-26 11:22:09 +0000] [13] [INFO] Booting worker with pid: 13
